c:\users\lost_\documents\github\c\твпис\compiler\compiler\compiler\debug\compiler.pch
c:\users\lost_\documents\github\c\твпис\compiler\compiler\compiler\debug\vc141.pdb
c:\users\lost_\documents\github\c\твпис\compiler\compiler\compiler\debug\vc141.idb
c:\users\lost_\documents\github\c\твпис\compiler\compiler\compiler\debug\stdafx.obj
c:\users\lost_\documents\github\c\твпис\compiler\compiler\compiler\debug\compiler.obj
c:\users\lost_\documents\github\c\твпис\compiler\compiler\compiler\debug\heap.obj
c:\users\lost_\documents\github\c\твпис\compiler\compiler\compiler\debug\list.obj
c:\users\lost_\documents\github\c\твпис\compiler\compiler\compiler\debug\list_adv.obj
c:\users\lost_\documents\github\c\твпис\compiler\compiler\compiler\debug\parser.obj
c:\users\lost_\documents\github\c\твпис\compiler\compiler\compiler\debug\hash.obj
c:\users\lost_\documents\github\c\твпис\compiler\compiler\compiler\debug\filewriter.obj
c:\users\lost_\documents\github\c\твпис\compiler\compiler\compiler\debug\exception.obj
c:\users\lost_\documents\github\c\твпис\compiler\compiler\compiler\debug\automat.obj
c:\users\lost_\documents\github\c\твпис\compiler\compiler\compiler\debug\filereader.obj
c:\users\lost_\documents\github\c\твпис\compiler\compiler\compiler\debug\variabletable.obj
c:\users\lost_\documents\github\c\твпис\compiler\compiler\compiler\debug\unaryoperationlist.obj
c:\users\lost_\documents\github\c\твпис\compiler\compiler\compiler\debug\typelist.obj
c:\users\lost_\documents\github\c\твпис\compiler\compiler\compiler\debug\tvaluekeeper.obj
c:\users\lost_\documents\github\c\твпис\compiler\compiler\compiler\debug\tvalue.obj
c:\users\lost_\documents\github\c\твпис\compiler\compiler\compiler\debug\scope.obj
c:\users\lost_\documents\github\c\твпис\compiler\compiler\compiler\debug\binaryoperationlist.obj
c:\users\lost_\documents\github\c\твпис\compiler\compiler\compiler\debug\tnode.obj
c:\users\lost_\documents\github\c\твпис\compiler\compiler\compiler\debug\astbuilder.obj
c:\users\lost_\documents\github\c\твпис\compiler\compiler\debug\compiler.exe
c:\users\lost_\documents\github\c\твпис\compiler\compiler\debug\compiler.ilk
c:\users\lost_\documents\github\c\твпис\compiler\compiler\debug\compiler.pdb
c:\users\lost_\documents\github\c\твпис\compiler\compiler\compiler\debug\compiler.res
c:\users\lost_\documents\github\c\твпис\compiler\compiler\compiler\debug\compiler.tlog\cl.command.1.tlog
c:\users\lost_\documents\github\c\твпис\compiler\compiler\compiler\debug\compiler.tlog\cl.read.1.tlog
c:\users\lost_\documents\github\c\твпис\compiler\compiler\compiler\debug\compiler.tlog\cl.write.1.tlog
c:\users\lost_\documents\github\c\твпис\compiler\compiler\compiler\debug\compiler.tlog\link.command.1.tlog
c:\users\lost_\documents\github\c\твпис\compiler\compiler\compiler\debug\compiler.tlog\link.read.1.tlog
c:\users\lost_\documents\github\c\твпис\compiler\compiler\compiler\debug\compiler.tlog\link.write.1.tlog
c:\users\lost_\documents\github\c\твпис\compiler\compiler\compiler\debug\compiler.tlog\rc.command.1.tlog
c:\users\lost_\documents\github\c\твпис\compiler\compiler\compiler\debug\compiler.tlog\rc.read.1.tlog
c:\users\lost_\documents\github\c\твпис\compiler\compiler\compiler\debug\compiler.tlog\rc.write.1.tlog
